[2026-02-19 22:51:17.243] [Main] [info] Manager built
[2026-02-19 22:51:17.243] [Main] [info] Task name set to: Fuck
[2026-02-19 22:51:17.243] [Main] [info] Task time set to: 1920
[2026-02-19 22:51:17.463] [Main] [info] Got taskname
[2026-02-19 22:51:18.463] [Main] [info] Got time
[2026-02-19 22:51:18.463] [Main] [info] Got time
[2026-02-19 22:51:19.463] [Main] [info] Got time
[2026-02-19 22:51:19.463] [Main] [info] Got time
[2026-02-19 22:51:20.464] [Main] [info] Got time
[2026-02-19 22:51:20.464] [Main] [info] Got time
[2026-02-19 22:51:21.464] [Main] [info] Got time
[2026-02-19 22:51:21.464] [Main] [info] Got time
[2026-02-19 22:51:22.464] [Main] [info] Got time
[2026-02-19 22:51:22.464] [Main] [info] Got time
[2026-02-19 22:51:23.465] [Main] [info] Got time
[2026-02-19 22:51:23.465] [Main] [info] Got time
[2026-02-19 22:51:24.465] [Main] [info] Got time
[2026-02-19 22:51:24.465] [Main] [info] Got time
[2026-02-19 22:51:25.465] [Main] [info] Got time
[2026-02-19 22:51:25.465] [Main] [info] Got time
[2026-02-19 22:51:26.466] [Main] [info] Got time
[2026-02-19 22:51:26.466] [Main] [info] Got time
[2026-02-19 22:51:27.466] [Main] [info] Got time
[2026-02-19 22:51:27.466] [Main] [info] Got time
[2026-02-19 22:51:28.466] [Main] [info] Got time
[2026-02-19 22:51:28.466] [Main] [info] Got time
[2026-02-19 22:51:29.467] [Main] [info] Got time
[2026-02-19 22:51:29.467] [Main] [info] Got time
[2026-02-19 22:51:30.467] [Main] [info] Got time
[2026-02-19 22:51:30.467] [Main] [info] Got time
[2026-02-19 22:51:31.467] [Main] [info] Got time
[2026-02-19 22:51:31.467] [Main] [info] Got time
[2026-02-19 22:51:32.468] [Main] [info] Got time
[2026-02-19 22:51:32.468] [Main] [info] Got time
[2026-02-19 22:51:33.468] [Main] [info] Got time
[2026-02-19 22:51:33.468] [Main] [info] Got time
[2026-02-19 22:51:34.468] [Main] [info] Got time
[2026-02-19 22:51:34.468] [Main] [info] Got time
[2026-02-19 22:51:35.469] [Main] [info] Got time
[2026-02-19 22:51:35.469] [Main] [info] Got time
[2026-02-19 22:51:36.469] [Main] [info] Got time
[2026-02-19 22:51:36.469] [Main] [info] Got time
[2026-02-19 22:51:36.469] [Main] [info] Got time
[2026-02-19 22:51:36.469] [Main] [info] Got time
[2026-02-19 22:51:36.670] [Main] [info] Got time
[2026-02-19 22:51:36.670] [Main] [info] Got time
[2026-02-19 22:51:36.870] [Main] [info] Got time
[2026-02-19 22:51:36.870] [Main] [info] Got time
[2026-02-19 22:51:37.070] [Main] [info] Got time
[2026-02-19 22:51:37.070] [Main] [info] Got time
[2026-02-19 22:51:37.271] [Main] [info] Got time
[2026-02-19 22:51:37.271] [Main] [info] Got time
[2026-02-19 22:51:37.471] [Main] [info] Got time
[2026-02-19 22:51:37.471] [Main] [info] Got time
[2026-02-19 22:51:37.671] [Main] [info] Got time
[2026-02-19 22:51:37.671] [Main] [info] Got time
[2026-02-19 22:51:37.871] [Main] [info] Got time
[2026-02-19 22:51:37.871] [Main] [info] Got time
[2026-02-19 22:51:38.072] [Main] [info] Got time
[2026-02-19 22:51:38.072] [Main] [info] Got time
[2026-02-19 22:51:38.272] [Main] [info] Got time
[2026-02-19 22:51:38.272] [Main] [info] Got time
[2026-02-19 22:51:38.473] [Main] [info] Got time
[2026-02-19 22:51:38.473] [Main] [info] Got time
[2026-02-19 22:51:38.673] [Main] [info] Got time
[2026-02-19 22:51:38.673] [Main] [info] Got time
[2026-02-19 22:51:38.873] [Main] [info] Got time
[2026-02-19 22:51:38.873] [Main] [info] Got time
[2026-02-19 22:51:39.074] [Main] [info] Got time
[2026-02-19 22:51:39.074] [Main] [info] Got time
[2026-02-19 22:51:39.274] [Main] [info] Got time
[2026-02-19 22:51:39.274] [Main] [info] Got time
[2026-02-19 22:51:39.474] [Main] [info] Got time
[2026-02-19 22:51:39.474] [Main] [info] Got time
[2026-02-19 22:51:39.674] [Main] [info] Got time
[2026-02-19 22:51:39.675] [Main] [info] Got time
[2026-02-19 22:51:39.875] [Main] [info] Got time
[2026-02-19 22:51:39.875] [Main] [info] Got time
[2026-02-19 22:51:40.075] [Main] [info] Got time
[2026-02-19 22:51:40.075] [Main] [info] Got time
[2026-02-19 22:51:40.275] [Main] [info] Got time
[2026-02-19 22:51:40.275] [Main] [info] Got time
[2026-02-19 22:51:40.476] [Main] [info] Got time
[2026-02-19 22:51:40.476] [Main] [info] Got time
[2026-02-19 22:51:40.676] [Main] [info] Got time
[2026-02-19 22:51:40.676] [Main] [info] Got time
[2026-02-19 22:51:40.876] [Main] [info] Got time
[2026-02-19 22:51:40.876] [Main] [info] Got time
[2026-02-19 22:51:41.077] [Main] [info] Got time
[2026-02-19 22:51:41.077] [Main] [info] Got time
[2026-02-19 22:51:41.277] [Main] [info] Got time
[2026-02-19 22:51:41.277] [Main] [info] Got time
[2026-02-19 22:51:41.477] [Main] [info] Got time
[2026-02-19 22:51:41.477] [Main] [info] Got time
[2026-02-19 22:51:41.678] [Main] [info] Got time
[2026-02-19 22:51:41.678] [Main] [info] Got time
[2026-02-19 22:51:41.878] [Main] [info] Got time
[2026-02-19 22:51:41.878] [Main] [info] Got time
[2026-02-19 22:51:42.078] [Main] [info] Got time
[2026-02-19 22:51:42.078] [Main] [info] Got time
[2026-02-19 22:51:42.278] [Main] [info] Got time
[2026-02-19 22:51:42.279] [Main] [info] Got time
[2026-02-19 22:51:42.479] [Main] [info] Got time
[2026-02-19 22:51:42.479] [Main] [info] Got time
[2026-02-19 22:51:42.679] [Main] [info] Got time
[2026-02-19 22:51:42.679] [Main] [info] Got time
[2026-02-19 22:51:42.879] [Main] [info] Got time
[2026-02-19 22:51:42.879] [Main] [info] Got time
[2026-02-19 22:51:43.079] [Main] [info] Got time
[2026-02-19 22:51:43.079] [Main] [info] Got time
[2026-02-19 22:51:43.280] [Main] [info] Got time
[2026-02-19 22:51:43.280] [Main] [info] Got time
[2026-02-19 22:51:43.480] [Main] [info] Got time
[2026-02-19 22:51:43.480] [Main] [info] Got time
[2026-02-19 22:51:43.680] [Main] [info] Got time
[2026-02-19 22:51:43.680] [Main] [info] Got time
[2026-02-19 22:51:43.881] [Main] [info] Got time
[2026-02-19 22:51:43.881] [Main] [info] Got time
[2026-02-19 22:51:44.081] [Main] [info] Got time
[2026-02-19 22:51:44.081] [Main] [info] Got time
[2026-02-19 22:51:44.281] [Main] [info] Got time
[2026-02-19 22:51:44.281] [Main] [info] Got time
[2026-02-19 22:51:44.482] [Main] [info] Got time
[2026-02-19 22:51:44.482] [Main] [info] Got time
[2026-02-19 22:51:44.682] [Main] [info] Got time
[2026-02-19 22:51:44.682] [Main] [info] Got time
[2026-02-19 22:51:44.882] [Main] [info] Got time
[2026-02-19 22:51:44.882] [Main] [info] Got time
[2026-02-19 22:51:45.083] [Main] [info] Got time
[2026-02-19 22:51:45.083] [Main] [info] Got time
[2026-02-19 22:51:45.283] [Main] [info] Got time
[2026-02-19 22:51:45.283] [Main] [info] Got time
[2026-02-19 22:51:45.483] [Main] [info] Got time
[2026-02-19 22:51:45.483] [Main] [info] Got time
[2026-02-19 22:51:45.684] [Main] [info] Got time
[2026-02-19 22:51:45.684] [Main] [info] Got time
[2026-02-19 22:51:45.884] [Main] [info] Got time
[2026-02-19 22:51:45.884] [Main] [info] Got time
[2026-02-19 22:51:46.084] [Main] [info] Got time
[2026-02-19 22:51:46.084] [Main] [info] Got time
[2026-02-19 22:51:46.285] [Main] [info] Got time
[2026-02-19 22:51:46.285] [Main] [info] Got time
[2026-02-19 22:51:46.485] [Main] [info] Got time
[2026-02-19 22:51:46.485] [Main] [info] Got time
[2026-02-19 22:51:46.685] [Main] [info] Got time
[2026-02-19 22:51:46.685] [Main] [info] Got time
[2026-02-19 22:51:46.886] [Main] [info] Got time
[2026-02-19 22:51:46.886] [Main] [info] Got time
[2026-02-19 22:51:47.086] [Main] [info] Got time
[2026-02-19 22:51:47.086] [Main] [info] Got time
[2026-02-19 22:51:47.286] [Main] [info] Got time
[2026-02-19 22:51:47.286] [Main] [info] Got time
[2026-02-19 22:51:47.486] [Main] [info] Got time
[2026-02-19 22:51:47.486] [Main] [info] Got time
[2026-02-19 22:51:47.687] [Main] [info] Got time
[2026-02-19 22:51:47.687] [Main] [info] Got time
[2026-02-19 22:51:47.887] [Main] [info] Got time
[2026-02-19 22:51:47.887] [Main] [info] Got time
[2026-02-19 22:51:48.087] [Main] [info] Got time
[2026-02-19 22:51:48.087] [Main] [info] Got time
[2026-02-19 22:51:48.287] [Main] [info] Got time
[2026-02-19 22:51:48.287] [Main] [info] Got time
[2026-02-19 22:51:48.488] [Main] [info] Got time
[2026-02-19 22:51:48.488] [Main] [info] Got time
[2026-02-19 22:51:48.688] [Main] [info] Got time
[2026-02-19 22:51:48.688] [Main] [info] Got time
[2026-02-19 22:51:48.888] [Main] [info] Got time
[2026-02-19 22:51:48.888] [Main] [info] Got time
[2026-02-19 22:51:49.089] [Main] [info] Got time
[2026-02-19 22:51:49.089] [Main] [info] Got time
[2026-02-19 22:51:49.289] [Main] [info] Got time
[2026-02-19 22:51:49.289] [Main] [info] Got time
[2026-02-19 22:51:49.489] [Main] [info] Got time
[2026-02-19 22:51:49.489] [Main] [info] Got time
[2026-02-19 22:51:49.690] [Main] [info] Got time
[2026-02-19 22:51:49.690] [Main] [info] Got time
[2026-02-19 22:51:49.890] [Main] [info] Got time
[2026-02-19 22:51:49.890] [Main] [info] Got time
[2026-02-19 22:51:50.090] [Main] [info] Got time
[2026-02-19 22:51:50.090] [Main] [info] Got time
[2026-02-19 22:51:50.290] [Main] [info] Got time
[2026-02-19 22:51:50.290] [Main] [info] Got time
[2026-02-19 22:51:50.491] [Main] [info] Got time
[2026-02-19 22:51:50.491] [Main] [info] Got time
[2026-02-19 22:51:50.691] [Main] [info] Got time
[2026-02-19 22:51:50.691] [Main] [info] Got time
[2026-02-19 22:51:50.891] [Main] [info] Got time
[2026-02-19 22:51:50.891] [Main] [info] Got time
[2026-02-19 22:51:51.091] [Main] [info] Got time
[2026-02-19 22:51:51.092] [Main] [info] Got time
[2026-02-19 22:51:51.292] [Main] [info] Got time
[2026-02-19 22:51:51.292] [Main] [info] Got time
[2026-02-19 22:51:51.492] [Main] [info] Got time
[2026-02-19 22:51:51.492] [Main] [info] Got time
[2026-02-19 22:51:51.693] [Main] [info] Got time
[2026-02-19 22:51:51.693] [Main] [info] Got time
[2026-02-19 22:51:51.893] [Main] [info] Got time
[2026-02-19 22:51:51.893] [Main] [info] Got time
[2026-02-19 22:51:52.093] [Main] [info] Got time
[2026-02-19 22:51:52.093] [Main] [info] Got time
